2022/12/14 09:20:19 [notice] 1#1: using the "epoll" event method
2022/12/14 09:20:19 [notice] 1#1: nginx/1.23.2
2022/12/14 09:20:19 [notice] 1#1: built by gcc 10.2.1 20210110 (Debian 10.2.1-6) 
2022/12/14 09:20:19 [notice] 1#1: OS: Linux 5.18.0-kali5-amd64
2022/12/14 09:20:19 [notice] 1#1: getrlimit(RLIMIT_NOFILE): 1048576:1048576
2022/12/14 09:20:19 [notice] 1#1: start worker processes
2022/12/14 09:20:19 [notice] 1#1: start worker process 28
2022/12/14 09:20:19 [notice] 1#1: start worker process 29
2022/12/14 09:20:19 [notice] 1#1: start worker process 30
2022/12/14 09:20:19 [notice] 1#1: start worker process 31
2022/12/14 09:20:19 [notice] 1#1: start worker process 32
2022/12/14 09:20:19 [notice] 1#1: start worker process 33
2022/12/14 09:20:19 [notice] 1#1: start worker process 34
2022/12/14 09:20:19 [notice] 1#1: start worker process 35
2022/12/14 09:20:19 [notice] 1#1: start worker process 36
2022/12/14 09:20:19 [notice] 1#1: start worker process 37
2022/12/14 09:20:19 [notice] 1#1: start worker process 38
2022/12/14 09:20:19 [notice] 1#1: start worker process 39
2022/12/14 09:20:30 [error] 29#29: *1 FastCGI sent in stderr: "Primary script unknown" while reading response header from upstream, client: 172.21.0.1, server: , request: "GET /index.php HTTP/1.1", upstream: "fastcgi://172.21.0.4:9000", host: "localhost:8000"
2022/12/14 10:16:39 [error] 31#31: *5 FastCGI sent in stderr: "Primary script unknown" while reading response header from upstream, client: 172.21.0.1, server: , request: "GET /index.php HTTP/1.1", upstream: "fastcgi://172.21.0.4:9000", host: "localhost:8000"
2022/12/14 10:38:16 [notice] 1#1: signal 15 (SIGTERM) received from 374, exiting
2022/12/14 10:38:16 [notice] 32#32: exiting
2022/12/14 10:38:16 [notice] 29#29: exiting
2022/12/14 10:38:16 [notice] 28#28: exiting
2022/12/14 10:38:16 [notice] 30#30: exiting
2022/12/14 10:38:16 [notice] 33#33: exiting
2022/12/14 10:38:16 [notice] 39#39: exiting
2022/12/14 10:38:16 [notice] 32#32: exit
2022/12/14 10:38:16 [notice] 34#34: exiting
2022/12/14 10:38:16 [notice] 37#37: exiting
2022/12/14 10:38:16 [notice] 36#36: exiting
2022/12/14 10:38:16 [notice] 38#38: exiting
2022/12/14 10:38:16 [notice] 35#35: exiting
2022/12/14 10:38:16 [notice] 31#31: exiting
2022/12/14 10:38:16 [notice] 30#30: exit
2022/12/14 10:38:16 [notice] 33#33: exit
2022/12/14 10:38:16 [notice] 28#28: exit
2022/12/14 10:38:16 [notice] 29#29: exit
2022/12/14 10:38:16 [notice] 35#35: exit
2022/12/14 10:38:16 [notice] 31#31: exit
2022/12/14 10:38:16 [notice] 39#39: exit
2022/12/14 10:38:16 [notice] 38#38: exit
2022/12/14 10:38:16 [notice] 34#34: exit
2022/12/14 10:38:16 [notice] 37#37: exit
2022/12/14 10:38:16 [notice] 36#36: exit
2022/12/14 10:38:16 [notice] 1#1: signal 17 (SIGCHLD) received from 28
2022/12/14 10:38:16 [notice] 1#1: worker process 28 exited with code 0
2022/12/14 10:38:16 [notice] 1#1: signal 29 (SIGIO) received
2022/12/14 10:38:16 [notice] 1#1: signal 17 (SIGCHLD) received from 30
2022/12/14 10:38:16 [notice] 1#1: worker process 29 exited with code 0
2022/12/14 10:38:16 [notice] 1#1: worker process 30 exited with code 0
2022/12/14 10:38:16 [notice] 1#1: worker process 32 exited with code 0
2022/12/14 10:38:16 [notice] 1#1: worker process 35 exited with code 0
2022/12/14 10:38:16 [notice] 1#1: signal 29 (SIGIO) received
2022/12/14 10:38:16 [notice] 1#1: signal 17 (SIGCHLD) received from 39
2022/12/14 10:38:16 [notice] 1#1: worker process 39 exited with code 0
2022/12/14 10:38:16 [notice] 1#1: signal 29 (SIGIO) received
2022/12/14 10:38:16 [notice] 1#1: signal 17 (SIGCHLD) received from 34
2022/12/14 10:38:16 [notice] 1#1: worker process 34 exited with code 0
2022/12/14 10:38:16 [notice] 1#1: signal 29 (SIGIO) received
2022/12/14 10:38:16 [notice] 1#1: signal 17 (SIGCHLD) received from 36
2022/12/14 10:38:16 [notice] 1#1: worker process 36 exited with code 0
2022/12/14 10:38:16 [notice] 1#1: signal 29 (SIGIO) received
2022/12/14 10:38:16 [notice] 1#1: signal 17 (SIGCHLD) received from 33
2022/12/14 10:38:16 [notice] 1#1: worker process 33 exited with code 0
2022/12/14 10:38:16 [notice] 1#1: signal 29 (SIGIO) received
2022/12/14 10:38:16 [notice] 1#1: signal 17 (SIGCHLD) received from 37
2022/12/14 10:38:16 [notice] 1#1: worker process 37 exited with code 0
2022/12/14 10:38:16 [notice] 1#1: worker process 38 exited with code 0
2022/12/14 10:38:16 [notice] 1#1: signal 29 (SIGIO) received
2022/12/14 10:38:16 [notice] 1#1: signal 17 (SIGCHLD) received from 38
2022/12/14 10:38:16 [notice] 1#1: signal 17 (SIGCHLD) received from 31
2022/12/14 10:38:16 [notice] 1#1: worker process 31 exited with code 0
2022/12/14 10:38:16 [notice] 1#1: exit
2022/12/14 10:38:42 [notice] 1#1: using the "epoll" event method
2022/12/14 10:38:42 [notice] 1#1: nginx/1.23.2
2022/12/14 10:38:42 [notice] 1#1: built by gcc 10.2.1 20210110 (Debian 10.2.1-6) 
2022/12/14 10:38:42 [notice] 1#1: OS: Linux 5.18.0-kali5-amd64
2022/12/14 10:38:42 [notice] 1#1: getrlimit(RLIMIT_NOFILE): 1048576:1048576
2022/12/14 10:38:42 [notice] 1#1: start worker processes
2022/12/14 10:38:42 [notice] 1#1: start worker process 27
2022/12/14 10:38:42 [notice] 1#1: start worker process 28
2022/12/14 10:38:42 [notice] 1#1: start worker process 29
2022/12/14 10:38:42 [notice] 1#1: start worker process 30
2022/12/14 10:38:42 [notice] 1#1: start worker process 31
2022/12/14 10:38:42 [notice] 1#1: start worker process 32
2022/12/14 10:38:42 [notice] 1#1: start worker process 33
2022/12/14 10:38:42 [notice] 1#1: start worker process 34
2022/12/14 10:38:42 [notice] 1#1: start worker process 35
2022/12/14 10:38:42 [notice] 1#1: start worker process 36
2022/12/14 10:38:42 [notice] 1#1: start worker process 37
2022/12/14 10:38:42 [notice] 1#1: start worker process 38
2022/12/14 10:38:56 [notice] 37#37: signal 2 (SIGINT) received, exiting
2022/12/14 10:38:56 [notice] 35#35: signal 2 (SIGINT) received, exiting
2022/12/14 10:38:56 [notice] 36#36: signal 2 (SIGINT) received, exiting
2022/12/14 10:38:56 [notice] 38#38: signal 2 (SIGINT) received, exiting
2022/12/14 10:38:56 [notice] 32#32: signal 2 (SIGINT) received, exiting
2022/12/14 10:38:56 [notice] 34#34: signal 2 (SIGINT) received, exiting
2022/12/14 10:38:56 [notice] 31#31: signal 2 (SIGINT) received, exiting
2022/12/14 10:38:56 [notice] 33#33: signal 2 (SIGINT) received, exiting
2022/12/14 10:38:56 [notice] 30#30: signal 2 (SIGINT) received, exiting
2022/12/14 10:38:56 [notice] 29#29: signal 2 (SIGINT) received, exiting
2022/12/14 10:38:56 [notice] 30#30: exiting
2022/12/14 10:38:56 [notice] 28#28: signal 2 (SIGINT) received, exiting
2022/12/14 10:38:56 [notice] 1#1: signal 2 (SIGINT) received, exiting
2022/12/14 10:38:56 [notice] 37#37: exiting
2022/12/14 10:38:56 [notice] 35#35: exiting
2022/12/14 10:38:56 [notice] 36#36: exiting
2022/12/14 10:38:56 [notice] 38#38: exiting
2022/12/14 10:38:56 [notice] 32#32: exiting
2022/12/14 10:38:56 [notice] 34#34: exiting
2022/12/14 10:38:56 [notice] 31#31: exiting
2022/12/14 10:38:56 [notice] 33#33: exiting
2022/12/14 10:38:56 [notice] 29#29: exiting
2022/12/14 10:38:56 [notice] 28#28: exiting
2022/12/14 10:38:56 [notice] 30#30: exit
2022/12/14 10:38:56 [notice] 37#37: exit
2022/12/14 10:38:56 [notice] 32#32: exit
2022/12/14 10:38:56 [notice] 38#38: exit
2022/12/14 10:38:56 [notice] 36#36: exit
2022/12/14 10:38:56 [notice] 31#31: exit
2022/12/14 10:38:56 [notice] 34#34: exit
2022/12/14 10:38:56 [notice] 28#28: exit
2022/12/14 10:38:56 [notice] 29#29: exit
2022/12/14 10:38:56 [notice] 35#35: exit
2022/12/14 10:38:56 [notice] 33#33: exit
2022/12/14 10:38:56 [notice] 27#27: signal 2 (SIGINT) received, exiting
2022/12/14 10:38:56 [notice] 27#27: exiting
2022/12/14 10:38:56 [notice] 27#27: exit
2022/12/14 10:38:56 [notice] 1#1: signal 17 (SIGCHLD) received from 32
2022/12/14 10:38:56 [notice] 1#1: worker process 32 exited with code 0
2022/12/14 10:38:56 [notice] 1#1: worker process 36 exited with code 0
2022/12/14 10:38:56 [notice] 1#1: worker process 34 exited with code 0
2022/12/14 10:38:56 [notice] 1#1: signal 29 (SIGIO) received
2022/12/14 10:38:56 [notice] 1#1: signal 17 (SIGCHLD) received from 34
2022/12/14 10:38:56 [notice] 1#1: signal 17 (SIGCHLD) received from 29
2022/12/14 10:38:56 [notice] 1#1: worker process 29 exited with code 0
2022/12/14 10:38:56 [notice] 1#1: signal 29 (SIGIO) received
2022/12/14 10:38:56 [notice] 1#1: signal 17 (SIGCHLD) received from 28
2022/12/14 10:38:56 [notice] 1#1: worker process 28 exited with code 0
2022/12/14 10:38:56 [notice] 1#1: worker process 30 exited with code 0
2022/12/14 10:38:56 [notice] 1#1: signal 29 (SIGIO) received
2022/12/14 10:38:56 [notice] 1#1: signal 17 (SIGCHLD) received from 30
2022/12/14 10:38:56 [notice] 1#1: signal 17 (SIGCHLD) received from 37
2022/12/14 10:38:56 [notice] 1#1: worker process 33 exited with code 0
2022/12/14 10:38:56 [notice] 1#1: worker process 35 exited with code 0
2022/12/14 10:38:56 [notice] 1#1: worker process 37 exited with code 0
2022/12/14 10:38:56 [notice] 1#1: signal 29 (SIGIO) received
2022/12/14 10:38:56 [notice] 1#1: signal 17 (SIGCHLD) received from 33
2022/12/14 10:38:56 [notice] 1#1: signal 17 (SIGCHLD) received from 31
2022/12/14 10:38:56 [notice] 1#1: worker process 31 exited with code 0
2022/12/14 10:38:56 [notice] 1#1: signal 29 (SIGIO) received
2022/12/14 10:38:56 [notice] 1#1: signal 17 (SIGCHLD) received from 38
2022/12/14 10:38:56 [notice] 1#1: worker process 27 exited with code 0
2022/12/14 10:38:56 [notice] 1#1: worker process 38 exited with code 0
2022/12/14 10:38:56 [notice] 1#1: exit
2022/12/14 10:39:09 [notice] 1#1: using the "epoll" event method
2022/12/14 10:39:09 [notice] 1#1: nginx/1.23.2
2022/12/14 10:39:09 [notice] 1#1: built by gcc 10.2.1 20210110 (Debian 10.2.1-6) 
2022/12/14 10:39:09 [notice] 1#1: OS: Linux 5.18.0-kali5-amd64
2022/12/14 10:39:09 [notice] 1#1: getrlimit(RLIMIT_NOFILE): 1048576:1048576
2022/12/14 10:39:09 [notice] 1#1: start worker processes
2022/12/14 10:39:09 [notice] 1#1: start worker process 28
2022/12/14 10:39:09 [notice] 1#1: start worker process 29
2022/12/14 10:39:09 [notice] 1#1: start worker process 30
2022/12/14 10:39:09 [notice] 1#1: start worker process 31
2022/12/14 10:39:09 [notice] 1#1: start worker process 32
2022/12/14 10:39:09 [notice] 1#1: start worker process 33
2022/12/14 10:39:09 [notice] 1#1: start worker process 34
2022/12/14 10:39:09 [notice] 1#1: start worker process 35
2022/12/14 10:39:09 [notice] 1#1: start worker process 36
2022/12/14 10:39:09 [notice] 1#1: start worker process 37
2022/12/14 10:39:09 [notice] 1#1: start worker process 38
2022/12/14 10:39:09 [notice] 1#1: start worker process 39
2022/12/14 10:39:23 [notice] 1#1: using the "epoll" event method
2022/12/14 10:39:23 [notice] 1#1: nginx/1.23.2
2022/12/14 10:39:23 [notice] 1#1: built by gcc 10.2.1 20210110 (Debian 10.2.1-6) 
2022/12/14 10:39:23 [notice] 1#1: OS: Linux 5.18.0-kali5-amd64
2022/12/14 10:39:23 [notice] 1#1: getrlimit(RLIMIT_NOFILE): 1048576:1048576
2022/12/14 10:39:23 [notice] 1#1: start worker processes
2022/12/14 10:39:23 [notice] 1#1: start worker process 28
2022/12/14 10:39:23 [notice] 1#1: start worker process 29
2022/12/14 10:39:23 [notice] 1#1: start worker process 30
2022/12/14 10:39:23 [notice] 1#1: start worker process 31
2022/12/14 10:39:23 [notice] 1#1: start worker process 32
2022/12/14 10:39:23 [notice] 1#1: start worker process 33
2022/12/14 10:39:23 [notice] 1#1: start worker process 34
2022/12/14 10:39:23 [notice] 1#1: start worker process 35
2022/12/14 10:39:23 [notice] 1#1: start worker process 36
2022/12/14 10:39:23 [notice] 1#1: start worker process 37
2022/12/14 10:39:23 [notice] 1#1: start worker process 38
2022/12/14 10:39:23 [notice] 1#1: start worker process 39
2022/12/14 10:39:43 [notice] 1#1: using the "epoll" event method
2022/12/14 10:39:43 [notice] 1#1: nginx/1.23.2
2022/12/14 10:39:43 [notice] 1#1: built by gcc 10.2.1 20210110 (Debian 10.2.1-6) 
2022/12/14 10:39:43 [notice] 1#1: OS: Linux 5.18.0-kali5-amd64
2022/12/14 10:39:43 [notice] 1#1: getrlimit(RLIMIT_NOFILE): 1048576:1048576
2022/12/14 10:39:43 [notice] 1#1: start worker processes
2022/12/14 10:39:43 [notice] 1#1: start worker process 27
2022/12/14 10:39:43 [notice] 1#1: start worker process 28
2022/12/14 10:39:43 [notice] 1#1: start worker process 29
2022/12/14 10:39:43 [notice] 1#1: start worker process 30
2022/12/14 10:39:43 [notice] 1#1: start worker process 31
2022/12/14 10:39:43 [notice] 1#1: start worker process 32
2022/12/14 10:39:43 [notice] 1#1: start worker process 33
2022/12/14 10:39:43 [notice] 1#1: start worker process 34
2022/12/14 10:39:43 [notice] 1#1: start worker process 35
2022/12/14 10:39:43 [notice] 1#1: start worker process 36
2022/12/14 10:39:43 [notice] 1#1: start worker process 37
2022/12/14 10:39:43 [notice] 1#1: start worker process 38
2022/12/14 10:39:49 [error] 27#27: *1 FastCGI sent in stderr: "Primary script unknown" while reading response header from upstream, client: 172.21.0.1, server: , request: "GET /index.php HTTP/1.1", upstream: "fastcgi://172.21.0.4:9000", host: "localhost:8000"
2022/12/14 10:41:35 [notice] 1#1: signal 3 (SIGQUIT) received, shutting down
2022/12/14 10:41:35 [notice] 27#27: gracefully shutting down
2022/12/14 10:41:35 [notice] 28#28: gracefully shutting down
2022/12/14 10:41:35 [notice] 29#29: gracefully shutting down
2022/12/14 10:41:35 [notice] 31#31: gracefully shutting down
2022/12/14 10:41:35 [notice] 30#30: gracefully shutting down
2022/12/14 10:41:35 [notice] 27#27: exiting
2022/12/14 10:41:35 [notice] 28#28: exiting
2022/12/14 10:41:35 [notice] 29#29: exiting
2022/12/14 10:41:35 [notice] 31#31: exiting
2022/12/14 10:41:35 [notice] 30#30: exiting
2022/12/14 10:41:35 [notice] 29#29: exit
2022/12/14 10:41:35 [notice] 31#31: exit
2022/12/14 10:41:35 [notice] 27#27: exit
2022/12/14 10:41:35 [notice] 28#28: exit
2022/12/14 10:41:35 [notice] 30#30: exit
2022/12/14 10:41:35 [notice] 33#33: gracefully shutting down
2022/12/14 10:41:35 [notice] 34#34: gracefully shutting down
2022/12/14 10:41:35 [notice] 32#32: gracefully shutting down
2022/12/14 10:41:35 [notice] 37#37: gracefully shutting down
2022/12/14 10:41:35 [notice] 36#36: gracefully shutting down
2022/12/14 10:41:35 [notice] 38#38: gracefully shutting down
2022/12/14 10:41:35 [notice] 33#33: exiting
2022/12/14 10:41:35 [notice] 34#34: exiting
2022/12/14 10:41:35 [notice] 32#32: exiting
2022/12/14 10:41:35 [notice] 37#37: exiting
2022/12/14 10:41:35 [notice] 36#36: exiting
2022/12/14 10:41:35 [notice] 38#38: exiting
2022/12/14 10:41:35 [notice] 33#33: exit
2022/12/14 10:41:35 [notice] 34#34: exit
2022/12/14 10:41:35 [notice] 38#38: exit
2022/12/14 10:41:35 [notice] 37#37: exit
2022/12/14 10:41:35 [notice] 32#32: exit
2022/12/14 10:41:35 [notice] 36#36: exit
2022/12/14 10:41:35 [notice] 35#35: gracefully shutting down
2022/12/14 10:41:35 [notice] 35#35: exiting
2022/12/14 10:41:35 [notice] 35#35: exit
2022/12/14 10:41:35 [notice] 1#1: signal 17 (SIGCHLD) received from 28
2022/12/14 10:41:35 [notice] 1#1: worker process 28 exited with code 0
2022/12/14 10:41:35 [notice] 1#1: signal 29 (SIGIO) received
2022/12/14 10:41:35 [notice] 1#1: signal 17 (SIGCHLD) received from 32
2022/12/14 10:41:35 [notice] 1#1: worker process 30 exited with code 0
2022/12/14 10:41:35 [notice] 1#1: worker process 31 exited with code 0
2022/12/14 10:41:35 [notice] 1#1: worker process 32 exited with code 0
2022/12/14 10:41:35 [notice] 1#1: worker process 33 exited with code 0
2022/12/14 10:41:35 [notice] 1#1: worker process 35 exited with code 0
2022/12/14 10:41:35 [notice] 1#1: worker process 37 exited with code 0
2022/12/14 10:41:35 [notice] 1#1: worker process 38 exited with code 0
2022/12/14 10:41:35 [notice] 1#1: signal 29 (SIGIO) received
2022/12/14 10:41:35 [notice] 1#1: signal 17 (SIGCHLD) received from 30
2022/12/14 10:41:35 [notice] 1#1: signal 17 (SIGCHLD) received from 27
2022/12/14 10:41:35 [notice] 1#1: worker process 27 exited with code 0
2022/12/14 10:41:35 [notice] 1#1: signal 29 (SIGIO) received
2022/12/14 10:41:35 [notice] 1#1: signal 17 (SIGCHLD) received from 36
2022/12/14 10:41:35 [notice] 1#1: worker process 29 exited with code 0
2022/12/14 10:41:35 [notice] 1#1: worker process 36 exited with code 0
2022/12/14 10:41:35 [notice] 1#1: signal 17 (SIGCHLD) received from 34
2022/12/14 10:41:35 [notice] 1#1: worker process 34 exited with code 0
2022/12/14 10:41:35 [notice] 1#1: exit
2022/12/14 10:41:46 [notice] 1#1: using the "epoll" event method
2022/12/14 10:41:46 [notice] 1#1: nginx/1.23.2
2022/12/14 10:41:46 [notice] 1#1: built by gcc 10.2.1 20210110 (Debian 10.2.1-6) 
2022/12/14 10:41:46 [notice] 1#1: OS: Linux 5.18.0-kali5-amd64
2022/12/14 10:41:46 [notice] 1#1: getrlimit(RLIMIT_NOFILE): 1048576:1048576
2022/12/14 10:41:46 [notice] 1#1: start worker processes
2022/12/14 10:41:46 [notice] 1#1: start worker process 28
2022/12/14 10:41:46 [notice] 1#1: start worker process 29
2022/12/14 10:41:46 [notice] 1#1: start worker process 30
2022/12/14 10:41:46 [notice] 1#1: start worker process 31
2022/12/14 10:41:46 [notice] 1#1: start worker process 32
2022/12/14 10:41:46 [notice] 1#1: start worker process 33
2022/12/14 10:41:46 [notice] 1#1: start worker process 34
2022/12/14 10:41:46 [notice] 1#1: start worker process 35
2022/12/14 10:41:46 [notice] 1#1: start worker process 36
2022/12/14 10:41:46 [notice] 1#1: start worker process 37
2022/12/14 10:41:46 [notice] 1#1: start worker process 38
2022/12/14 10:41:46 [notice] 1#1: start worker process 39
2022/12/14 10:41:49 [error] 29#29: *1 FastCGI sent in stderr: "Primary script unknown" while reading response header from upstream, client: 172.21.0.1, server: , request: "GET /index.php HTTP/1.1", upstream: "fastcgi://172.21.0.6:9000", host: "localhost:8000"
2022/12/14 10:41:50 [error] 29#29: *1 FastCGI sent in stderr: "Primary script unknown" while reading response header from upstream, client: 172.21.0.1, server: , request: "GET /index.php HTTP/1.1", upstream: "fastcgi://172.21.0.6:9000", host: "localhost:8000"
2022/12/14 10:41:51 [error] 29#29: *1 FastCGI sent in stderr: "Primary script unknown" while reading response header from upstream, client: 172.21.0.1, server: , request: "GET /index.php HTTP/1.1", upstream: "fastcgi://172.21.0.6:9000", host: "localhost:8000"
2022/12/14 10:41:56 [error] 29#29: *1 FastCGI sent in stderr: "Primary script unknown" while reading response header from upstream, client: 172.21.0.1, server: , request: "GET / HTTP/1.1", upstream: "fastcgi://172.21.0.6:9000", host: "localhost:8000"
2022/12/14 10:42:43 [notice] 1#1: signal 3 (SIGQUIT) received, shutting down
2022/12/14 10:42:43 [notice] 29#29: gracefully shutting down
2022/12/14 10:42:43 [notice] 30#30: gracefully shutting down
2022/12/14 10:42:43 [notice] 32#32: gracefully shutting down
2022/12/14 10:42:43 [notice] 33#33: gracefully shutting down
2022/12/14 10:42:43 [notice] 28#28: gracefully shutting down
2022/12/14 10:42:43 [notice] 35#35: gracefully shutting down
2022/12/14 10:42:43 [notice] 36#36: gracefully shutting down
2022/12/14 10:42:43 [notice] 34#34: gracefully shutting down
2022/12/14 10:42:43 [notice] 38#38: gracefully shutting down
2022/12/14 10:42:43 [notice] 30#30: exiting
2022/12/14 10:42:43 [notice] 37#37: gracefully shutting down
2022/12/14 10:42:43 [notice] 39#39: gracefully shutting down
2022/12/14 10:42:43 [notice] 32#32: exiting
2022/12/14 10:42:43 [notice] 37#37: exiting
2022/12/14 10:42:43 [notice] 35#35: exiting
2022/12/14 10:42:43 [notice] 39#39: exiting
2022/12/14 10:42:43 [notice] 36#36: exiting
2022/12/14 10:42:43 [notice] 29#29: exiting
2022/12/14 10:42:43 [notice] 39#39: exit
2022/12/14 10:42:43 [notice] 34#34: exiting
2022/12/14 10:42:43 [notice] 35#35: exit
2022/12/14 10:42:43 [notice] 36#36: exit
2022/12/14 10:42:43 [notice] 38#38: exiting
2022/12/14 10:42:43 [notice] 37#37: exit
2022/12/14 10:42:43 [notice] 29#29: exit
2022/12/14 10:42:43 [notice] 38#38: exit
2022/12/14 10:42:43 [notice] 34#34: exit
2022/12/14 10:42:43 [notice] 31#31: gracefully shutting down
2022/12/14 10:42:43 [notice] 31#31: exiting
2022/12/14 10:42:43 [notice] 31#31: exit
2022/12/14 10:42:43 [notice] 30#30: exit
2022/12/14 10:42:43 [notice] 32#32: exit
2022/12/14 10:42:43 [notice] 33#33: exiting
2022/12/14 10:42:43 [notice] 33#33: exit
2022/12/14 10:42:43 [notice] 1#1: signal 17 (SIGCHLD) received from 31
2022/12/14 10:42:43 [notice] 1#1: worker process 31 exited with code 0
2022/12/14 10:42:43 [notice] 1#1: worker process 34 exited with code 0
2022/12/14 10:42:43 [notice] 1#1: signal 29 (SIGIO) received
2022/12/14 10:42:43 [notice] 1#1: signal 17 (SIGCHLD) received from 34
2022/12/14 10:42:43 [notice] 1#1: signal 17 (SIGCHLD) received from 29
2022/12/14 10:42:43 [notice] 1#1: worker process 29 exited with code 0
2022/12/14 10:42:43 [notice] 1#1: signal 29 (SIGIO) received
2022/12/14 10:42:43 [notice] 1#1: signal 17 (SIGCHLD) received from 37
2022/12/14 10:42:43 [notice] 1#1: worker process 37 exited with code 0
2022/12/14 10:42:43 [notice] 1#1: signal 29 (SIGIO) received
2022/12/14 10:42:43 [notice] 1#1: signal 17 (SIGCHLD) received from 39
2022/12/14 10:42:43 [notice] 1#1: worker process 39 exited with code 0
2022/12/14 10:42:43 [notice] 1#1: signal 29 (SIGIO) received
2022/12/14 10:42:43 [notice] 1#1: signal 17 (SIGCHLD) received from 35
2022/12/14 10:42:43 [notice] 1#1: worker process 35 exited with code 0
2022/12/14 10:42:43 [notice] 1#1: worker process 32 exited with code 0
2022/12/14 10:42:43 [notice] 1#1: signal 29 (SIGIO) received
2022/12/14 10:42:43 [notice] 1#1: signal 17 (SIGCHLD) received from 32
2022/12/14 10:42:43 [notice] 1#1: signal 17 (SIGCHLD) received from 38
2022/12/14 10:42:43 [notice] 1#1: worker process 38 exited with code 0
2022/12/14 10:42:43 [notice] 1#1: signal 29 (SIGIO) received
2022/12/14 10:42:43 [notice] 1#1: signal 17 (SIGCHLD) received from 30
2022/12/14 10:42:43 [notice] 1#1: worker process 30 exited with code 0
2022/12/14 10:42:43 [notice] 1#1: signal 29 (SIGIO) received
2022/12/14 10:42:43 [notice] 1#1: signal 17 (SIGCHLD) received from 36
2022/12/14 10:42:43 [notice] 1#1: worker process 36 exited with code 0
2022/12/14 10:42:43 [notice] 1#1: worker process 33 exited with code 0
2022/12/14 10:42:43 [notice] 1#1: signal 29 (SIGIO) received
2022/12/14 10:42:43 [notice] 1#1: signal 17 (SIGCHLD) received from 33
2022/12/14 10:42:43 [notice] 28#28: exiting
2022/12/14 10:42:43 [notice] 28#28: exit
2022/12/14 10:42:43 [notice] 1#1: signal 17 (SIGCHLD) received from 28
2022/12/14 10:42:43 [notice] 1#1: worker process 28 exited with code 0
2022/12/14 10:42:43 [notice] 1#1: exit
2022/12/14 10:42:48 [notice] 1#1: using the "epoll" event method
2022/12/14 10:42:48 [notice] 1#1: nginx/1.23.2
2022/12/14 10:42:48 [notice] 1#1: built by gcc 10.2.1 20210110 (Debian 10.2.1-6) 
2022/12/14 10:42:48 [notice] 1#1: OS: Linux 5.18.0-kali5-amd64
2022/12/14 10:42:48 [notice] 1#1: getrlimit(RLIMIT_NOFILE): 1048576:1048576
2022/12/14 10:42:48 [notice] 1#1: start worker processes
2022/12/14 10:42:48 [notice] 1#1: start worker process 28
2022/12/14 10:42:48 [notice] 1#1: start worker process 29
2022/12/14 10:42:48 [notice] 1#1: start worker process 30
2022/12/14 10:42:48 [notice] 1#1: start worker process 31
2022/12/14 10:42:48 [notice] 1#1: start worker process 32
2022/12/14 10:42:48 [notice] 1#1: start worker process 33
2022/12/14 10:42:48 [notice] 1#1: start worker process 34
2022/12/14 10:42:48 [notice] 1#1: start worker process 35
2022/12/14 10:42:48 [notice] 1#1: start worker process 36
2022/12/14 10:42:48 [notice] 1#1: start worker process 37
2022/12/14 10:42:48 [notice] 1#1: start worker process 38
2022/12/14 10:42:48 [notice] 1#1: start worker process 39
2022/12/14 10:42:53 [error] 30#30: *1 FastCGI sent in stderr: "Primary script unknown" while reading response header from upstream, client: 172.21.0.1, server: , request: "GET / HTTP/1.1", upstream: "fastcgi://172.21.0.4:9000", host: "localhost:8000"
2022/12/14 10:49:10 [notice] 1#1: signal 3 (SIGQUIT) received, shutting down
2022/12/14 10:49:10 [notice] 28#28: gracefully shutting down
2022/12/14 10:49:10 [notice] 30#30: gracefully shutting down
2022/12/14 10:49:10 [notice] 29#29: gracefully shutting down
2022/12/14 10:49:10 [notice] 31#31: gracefully shutting down
2022/12/14 10:49:10 [notice] 28#28: exiting
2022/12/14 10:49:10 [notice] 29#29: exiting
2022/12/14 10:49:10 [notice] 32#32: gracefully shutting down
2022/12/14 10:49:10 [notice] 33#33: gracefully shutting down
2022/12/14 10:49:10 [notice] 35#35: gracefully shutting down
2022/12/14 10:49:10 [notice] 38#38: gracefully shutting down
2022/12/14 10:49:10 [notice] 39#39: gracefully shutting down
2022/12/14 10:49:10 [notice] 30#30: exiting
2022/12/14 10:49:10 [notice] 34#34: gracefully shutting down
2022/12/14 10:49:10 [notice] 31#31: exiting
2022/12/14 10:49:10 [notice] 32#32: exiting
2022/12/14 10:49:10 [notice] 33#33: exiting
2022/12/14 10:49:10 [notice] 35#35: exiting
2022/12/14 10:49:10 [notice] 28#28: exit
2022/12/14 10:49:10 [notice] 38#38: exiting
2022/12/14 10:49:10 [notice] 29#29: exit
2022/12/14 10:49:10 [notice] 39#39: exiting
2022/12/14 10:49:10 [notice] 34#34: exiting
2022/12/14 10:49:10 [notice] 30#30: exit
2022/12/14 10:49:10 [notice] 31#31: exit
2022/12/14 10:49:10 [notice] 32#32: exit
2022/12/14 10:49:10 [notice] 35#35: exit
2022/12/14 10:49:10 [notice] 33#33: exit
2022/12/14 10:49:10 [notice] 38#38: exit
2022/12/14 10:49:10 [notice] 39#39: exit
2022/12/14 10:49:10 [notice] 34#34: exit
2022/12/14 10:49:10 [notice] 36#36: gracefully shutting down
2022/12/14 10:49:10 [notice] 36#36: exiting
2022/12/14 10:49:10 [notice] 37#37: gracefully shutting down
2022/12/14 10:49:10 [notice] 36#36: exit
2022/12/14 10:49:10 [notice] 37#37: exiting
2022/12/14 10:49:10 [notice] 37#37: exit
2022/12/14 10:49:10 [notice] 1#1: signal 17 (SIGCHLD) received from 33
2022/12/14 10:49:10 [notice] 1#1: worker process 32 exited with code 0
2022/12/14 10:49:10 [notice] 1#1: worker process 33 exited with code 0
2022/12/14 10:49:10 [notice] 1#1: signal 29 (SIGIO) received
2022/12/14 10:49:10 [notice] 1#1: signal 17 (SIGCHLD) received from 32
2022/12/14 10:49:10 [notice] 1#1: worker process 31 exited with code 0
2022/12/14 10:49:10 [notice] 1#1: signal 29 (SIGIO) received
2022/12/14 10:49:10 [notice] 1#1: signal 17 (SIGCHLD) received from 34
2022/12/14 10:49:10 [notice] 1#1: worker process 34 exited with code 0
2022/12/14 10:49:10 [notice] 1#1: signal 29 (SIGIO) received
2022/12/14 10:49:10 [notice] 1#1: signal 17 (SIGCHLD) received from 38
2022/12/14 10:49:10 [notice] 1#1: worker process 30 exited with code 0
2022/12/14 10:49:10 [notice] 1#1: worker process 38 exited with code 0
2022/12/14 10:49:10 [notice] 1#1: signal 29 (SIGIO) received
2022/12/14 10:49:10 [notice] 1#1: signal 17 (SIGCHLD) received from 30
2022/12/14 10:49:10 [notice] 1#1: signal 17 (SIGCHLD) received from 29
2022/12/14 10:49:10 [notice] 1#1: worker process 29 exited with code 0
2022/12/14 10:49:10 [notice] 1#1: signal 29 (SIGIO) received
2022/12/14 10:49:10 [notice] 1#1: signal 17 (SIGCHLD) received from 36
2022/12/14 10:49:10 [notice] 1#1: worker process 36 exited with code 0
2022/12/14 10:49:10 [notice] 1#1: signal 29 (SIGIO) received
2022/12/14 10:49:10 [notice] 1#1: signal 17 (SIGCHLD) received from 39
2022/12/14 10:49:10 [notice] 1#1: worker process 28 exited with code 0
2022/12/14 10:49:10 [notice] 1#1: worker process 39 exited with code 0
2022/12/14 10:49:10 [notice] 1#1: signal 29 (SIGIO) received
2022/12/14 10:49:10 [notice] 1#1: signal 17 (SIGCHLD) received from 28
2022/12/14 10:49:10 [notice] 1#1: signal 17 (SIGCHLD) received from 37
2022/12/14 10:49:10 [notice] 1#1: worker process 37 exited with code 0
2022/12/14 10:49:10 [notice] 1#1: signal 17 (SIGCHLD) received from 35
2022/12/14 10:49:10 [notice] 1#1: worker process 35 exited with code 0
2022/12/14 10:49:10 [notice] 1#1: exit
2022/12/14 10:49:48 [notice] 1#1: using the "epoll" event method
2022/12/14 10:49:48 [notice] 1#1: nginx/1.23.2
2022/12/14 10:49:48 [notice] 1#1: built by gcc 10.2.1 20210110 (Debian 10.2.1-6) 
2022/12/14 10:49:48 [notice] 1#1: OS: Linux 5.18.0-kali5-amd64
2022/12/14 10:49:48 [notice] 1#1: getrlimit(RLIMIT_NOFILE): 1048576:1048576
2022/12/14 10:49:48 [notice] 1#1: start worker processes
2022/12/14 10:49:48 [notice] 1#1: start worker process 28
2022/12/14 10:49:48 [notice] 1#1: start worker process 29
2022/12/14 10:49:48 [notice] 1#1: start worker process 30
2022/12/14 10:49:48 [notice] 1#1: start worker process 31
2022/12/14 10:49:48 [notice] 1#1: start worker process 32
2022/12/14 10:49:48 [notice] 1#1: start worker process 33
2022/12/14 10:49:48 [notice] 1#1: start worker process 34
2022/12/14 10:49:48 [notice] 1#1: start worker process 35
2022/12/14 10:49:48 [notice] 1#1: start worker process 36
2022/12/14 10:49:48 [notice] 1#1: start worker process 37
2022/12/14 10:49:48 [notice] 1#1: start worker process 38
2022/12/14 10:49:48 [notice] 1#1: start worker process 39
2022/12/14 10:58:05 [notice] 1#1: signal 3 (SIGQUIT) received, shutting down
2022/12/14 10:58:05 [notice] 28#28: gracefully shutting down
2022/12/14 10:58:05 [notice] 29#29: gracefully shutting down
2022/12/14 10:58:05 [notice] 30#30: gracefully shutting down
2022/12/14 10:58:05 [notice] 31#31: gracefully shutting down
2022/12/14 10:58:05 [notice] 38#38: gracefully shutting down
2022/12/14 10:58:05 [notice] 32#32: gracefully shutting down
2022/12/14 10:58:05 [notice] 31#31: exiting
2022/12/14 10:58:05 [notice] 28#28: exiting
2022/12/14 10:58:05 [notice] 33#33: gracefully shutting down
2022/12/14 10:58:05 [notice] 38#38: exiting
2022/12/14 10:58:05 [notice] 34#34: gracefully shutting down
2022/12/14 10:58:05 [notice] 33#33: exiting
2022/12/14 10:58:05 [notice] 29#29: exiting
2022/12/14 10:58:05 [notice] 34#34: exiting
2022/12/14 10:58:05 [notice] 30#30: exiting
2022/12/14 10:58:05 [notice] 39#39: gracefully shutting down
2022/12/14 10:58:05 [notice] 28#28: exit
2022/12/14 10:58:05 [notice] 31#31: exit
2022/12/14 10:58:05 [notice] 38#38: exit
2022/12/14 10:58:05 [notice] 39#39: exiting
2022/12/14 10:58:05 [notice] 33#33: exit
2022/12/14 10:58:05 [notice] 34#34: exit
2022/12/14 10:58:05 [notice] 29#29: exit
2022/12/14 10:58:05 [notice] 30#30: exit
2022/12/14 10:58:05 [notice] 39#39: exit
2022/12/14 10:58:05 [notice] 36#36: gracefully shutting down
2022/12/14 10:58:05 [notice] 37#37: gracefully shutting down
2022/12/14 10:58:05 [notice] 32#32: exiting
2022/12/14 10:58:05 [notice] 36#36: exiting
2022/12/14 10:58:05 [notice] 35#35: gracefully shutting down
2022/12/14 10:58:05 [notice] 37#37: exiting
2022/12/14 10:58:05 [notice] 36#36: exit
2022/12/14 10:58:05 [notice] 35#35: exiting
2022/12/14 10:58:05 [notice] 32#32: exit
2022/12/14 10:58:05 [notice] 37#37: exit
2022/12/14 10:58:05 [notice] 35#35: exit
2022/12/14 10:58:05 [notice] 1#1: signal 17 (SIGCHLD) received from 29
2022/12/14 10:58:05 [notice] 1#1: worker process 29 exited with code 0
2022/12/14 10:58:05 [notice] 1#1: worker process 30 exited with code 0
2022/12/14 10:58:05 [notice] 1#1: worker process 33 exited with code 0
2022/12/14 10:58:05 [notice] 1#1: worker process 35 exited with code 0
2022/12/14 10:58:05 [notice] 1#1: worker process 37 exited with code 0
2022/12/14 10:58:05 [notice] 1#1: worker process 38 exited with code 0
2022/12/14 10:58:05 [notice] 1#1: signal 29 (SIGIO) received
2022/12/14 10:58:05 [notice] 1#1: signal 17 (SIGCHLD) received from 37
2022/12/14 10:58:05 [notice] 1#1: signal 17 (SIGCHLD) received from 31
2022/12/14 10:58:05 [notice] 1#1: worker process 31 exited with code 0
2022/12/14 10:58:05 [notice] 1#1: signal 29 (SIGIO) received
2022/12/14 10:58:05 [notice] 1#1: signal 17 (SIGCHLD) received from 28
2022/12/14 10:58:05 [notice] 1#1: worker process 28 exited with code 0
2022/12/14 10:58:05 [notice] 1#1: signal 29 (SIGIO) received
2022/12/14 10:58:05 [notice] 1#1: signal 17 (SIGCHLD) received from 32
2022/12/14 10:58:05 [notice] 1#1: worker process 32 exited with code 0
2022/12/14 10:58:05 [notice] 1#1: worker process 36 exited with code 0
2022/12/14 10:58:05 [notice] 1#1: worker process 39 exited with code 0
2022/12/14 10:58:05 [notice] 1#1: signal 29 (SIGIO) received
2022/12/14 10:58:05 [notice] 1#1: signal 17 (SIGCHLD) received from 39
2022/12/14 10:58:05 [notice] 1#1: signal 17 (SIGCHLD) received from 34
2022/12/14 10:58:05 [notice] 1#1: worker process 34 exited with code 0
2022/12/14 10:58:05 [notice] 1#1: exit
2022/12/14 10:58:11 [notice] 1#1: using the "epoll" event method
2022/12/14 10:58:11 [notice] 1#1: nginx/1.23.2
2022/12/14 10:58:11 [notice] 1#1: built by gcc 10.2.1 20210110 (Debian 10.2.1-6) 
2022/12/14 10:58:11 [notice] 1#1: OS: Linux 5.18.0-kali5-amd64
2022/12/14 10:58:11 [notice] 1#1: getrlimit(RLIMIT_NOFILE): 1048576:1048576
2022/12/14 10:58:11 [notice] 1#1: start worker processes
2022/12/14 10:58:11 [notice] 1#1: start worker process 28
2022/12/14 10:58:11 [notice] 1#1: start worker process 29
2022/12/14 10:58:11 [notice] 1#1: start worker process 30
2022/12/14 10:58:11 [notice] 1#1: start worker process 31
2022/12/14 10:58:11 [notice] 1#1: start worker process 32
2022/12/14 10:58:11 [notice] 1#1: start worker process 33
2022/12/14 10:58:11 [notice] 1#1: start worker process 34
2022/12/14 10:58:11 [notice] 1#1: start worker process 35
2022/12/14 10:58:11 [notice] 1#1: start worker process 36
2022/12/14 10:58:11 [notice] 1#1: start worker process 37
2022/12/14 10:58:11 [notice] 1#1: start worker process 38
2022/12/14 10:58:11 [notice] 1#1: start worker process 39
2022/12/14 10:58:52 [notice] 1#1: signal 3 (SIGQUIT) received, shutting down
2022/12/14 10:58:52 [notice] 29#29: gracefully shutting down
2022/12/14 10:58:52 [notice] 31#31: gracefully shutting down
2022/12/14 10:58:52 [notice] 28#28: gracefully shutting down
2022/12/14 10:58:52 [notice] 39#39: gracefully shutting down
2022/12/14 10:58:52 [notice] 34#34: gracefully shutting down
2022/12/14 10:58:52 [notice] 31#31: exiting
2022/12/14 10:58:52 [notice] 30#30: gracefully shutting down
2022/12/14 10:58:52 [notice] 39#39: exiting
2022/12/14 10:58:52 [notice] 32#32: gracefully shutting down
2022/12/14 10:58:52 [notice] 29#29: exiting
2022/12/14 10:58:52 [notice] 34#34: exiting
2022/12/14 10:58:52 [notice] 30#30: exiting
2022/12/14 10:58:52 [notice] 32#32: exiting
2022/12/14 10:58:52 [notice] 31#31: exit
2022/12/14 10:58:52 [notice] 30#30: exit
2022/12/14 10:58:52 [notice] 33#33: gracefully shutting down
2022/12/14 10:58:52 [notice] 35#35: gracefully shutting down
2022/12/14 10:58:52 [notice] 38#38: gracefully shutting down
2022/12/14 10:58:52 [notice] 36#36: gracefully shutting down
2022/12/14 10:58:52 [notice] 37#37: gracefully shutting down
2022/12/14 10:58:52 [notice] 36#36: exiting
2022/12/14 10:58:52 [notice] 39#39: exit
2022/12/14 10:58:52 [notice] 29#29: exit
2022/12/14 10:58:52 [notice] 37#37: exiting
2022/12/14 10:58:52 [notice] 34#34: exit
2022/12/14 10:58:52 [notice] 33#33: exiting
2022/12/14 10:58:52 [notice] 36#36: exit
2022/12/14 10:58:52 [notice] 32#32: exit
2022/12/14 10:58:52 [notice] 35#35: exiting
2022/12/14 10:58:52 [notice] 37#37: exit
2022/12/14 10:58:52 [notice] 35#35: exit
2022/12/14 10:58:52 [notice] 38#38: exiting
2022/12/14 10:58:52 [notice] 33#33: exit
2022/12/14 10:58:52 [notice] 38#38: exit
2022/12/14 10:58:53 [notice] 1#1: signal 17 (SIGCHLD) received from 29
2022/12/14 10:58:53 [notice] 1#1: worker process 29 exited with code 0
2022/12/14 10:58:53 [notice] 1#1: signal 29 (SIGIO) received
2022/12/14 10:58:53 [notice] 1#1: signal 17 (SIGCHLD) received from 32
2022/12/14 10:58:53 [notice] 1#1: worker process 32 exited with code 0
2022/12/14 10:58:53 [notice] 1#1: worker process 30 exited with code 0
2022/12/14 10:58:53 [notice] 1#1: signal 29 (SIGIO) received
2022/12/14 10:58:53 [notice] 1#1: signal 17 (SIGCHLD) received from 30
2022/12/14 10:58:53 [notice] 1#1: worker process 31 exited with code 0
2022/12/14 10:58:53 [notice] 1#1: worker process 37 exited with code 0
2022/12/14 10:58:53 [notice] 1#1: signal 29 (SIGIO) received
2022/12/14 10:58:53 [notice] 1#1: signal 17 (SIGCHLD) received from 35
2022/12/14 10:58:53 [notice] 1#1: worker process 35 exited with code 0
2022/12/14 10:58:53 [notice] 1#1: signal 29 (SIGIO) received
2022/12/14 10:58:53 [notice] 1#1: signal 17 (SIGCHLD) received from 36
2022/12/14 10:58:53 [notice] 1#1: worker process 33 exited with code 0
2022/12/14 10:58:53 [notice] 1#1: worker process 36 exited with code 0
2022/12/14 10:58:53 [notice] 1#1: signal 29 (SIGIO) received
2022/12/14 10:58:53 [notice] 1#1: signal 17 (SIGCHLD) received from 39
2022/12/14 10:58:53 [notice] 1#1: worker process 39 exited with code 0
2022/12/14 10:58:53 [notice] 1#1: signal 29 (SIGIO) received
2022/12/14 10:58:53 [notice] 1#1: signal 17 (SIGCHLD) received from 34
2022/12/14 10:58:53 [notice] 1#1: worker process 34 exited with code 0
2022/12/14 10:58:53 [notice] 1#1: signal 29 (SIGIO) received
2022/12/14 10:58:53 [notice] 1#1: signal 17 (SIGCHLD) received from 38
2022/12/14 10:58:53 [notice] 1#1: worker process 38 exited with code 0
2022/12/14 10:58:53 [notice] 1#1: signal 29 (SIGIO) received
2022/12/14 10:58:53 [notice] 28#28: exiting
2022/12/14 10:58:53 [notice] 28#28: exit
2022/12/14 10:58:53 [notice] 1#1: signal 17 (SIGCHLD) received from 28
2022/12/14 10:58:53 [notice] 1#1: worker process 28 exited with code 0
2022/12/14 10:58:53 [notice] 1#1: exit
2022/12/14 11:02:22 [notice] 1#1: using the "epoll" event method
2022/12/14 11:02:22 [notice] 1#1: nginx/1.23.2
2022/12/14 11:02:22 [notice] 1#1: built by gcc 10.2.1 20210110 (Debian 10.2.1-6) 
2022/12/14 11:02:22 [notice] 1#1: OS: Linux 5.18.0-kali5-amd64
2022/12/14 11:02:22 [notice] 1#1: getrlimit(RLIMIT_NOFILE): 1048576:1048576
2022/12/14 11:02:22 [notice] 1#1: start worker processes
2022/12/14 11:02:22 [notice] 1#1: start worker process 28
2022/12/14 11:02:22 [notice] 1#1: start worker process 29
2022/12/14 11:02:22 [notice] 1#1: start worker process 30
2022/12/14 11:02:22 [notice] 1#1: start worker process 31
2022/12/14 11:02:22 [notice] 1#1: start worker process 32
2022/12/14 11:02:22 [notice] 1#1: start worker process 33
2022/12/14 11:02:22 [notice] 1#1: start worker process 34
2022/12/14 11:02:22 [notice] 1#1: start worker process 35
2022/12/14 11:02:22 [notice] 1#1: start worker process 36
2022/12/14 11:02:22 [notice] 1#1: start worker process 37
2022/12/14 11:02:22 [notice] 1#1: start worker process 38
2022/12/14 11:02:22 [notice] 1#1: start worker process 39
2022/12/14 11:03:58 [notice] 1#1: signal 3 (SIGQUIT) received, shutting down
2022/12/14 11:03:58 [notice] 1#1: signal 3 (SIGQUIT) received, shutting down
2022/12/14 11:03:58 [notice] 1#1: signal 3 (SIGQUIT) received, shutting down
2022/12/14 11:03:58 [notice] 28#28: gracefully shutting down
2022/12/14 11:03:58 [notice] 29#29: gracefully shutting down
2022/12/14 11:03:58 [notice] 28#28: gracefully shutting down
2022/12/14 11:03:58 [notice] 28#28: exiting
2022/12/14 11:03:58 [notice] 29#29: gracefully shutting down
2022/12/14 11:03:58 [notice] 30#30: gracefully shutting down
2022/12/14 11:03:58 [notice] 38#38: gracefully shutting down
2022/12/14 11:03:58 [notice] 32#32: gracefully shutting down
2022/12/14 11:03:58 [notice] 30#30: gracefully shutting down
2022/12/14 11:03:58 [notice] 34#34: gracefully shutting down
2022/12/14 11:03:58 [notice] 28#28: exiting
2022/12/14 11:03:58 [notice] 29#29: exiting
2022/12/14 11:03:58 [notice] 29#29: exiting
2022/12/14 11:03:58 [notice] 30#30: exiting
2022/12/14 11:03:58 [notice] 30#30: exiting
2022/12/14 11:03:58 [notice] 34#34: exiting
2022/12/14 11:03:58 [notice] 38#38: exiting
2022/12/14 11:03:58 [notice] 31#31: gracefully shutting down
2022/12/14 11:03:58 [notice] 32#32: exiting
2022/12/14 11:03:58 [notice] 28#28: exit
2022/12/14 11:03:58 [notice] 31#31: exiting
2022/12/14 11:03:58 [notice] 29#29: exit
2022/12/14 11:03:58 [notice] 30#30: exit
2022/12/14 11:03:58 [notice] 29#29: exit
2022/12/14 11:03:58 [notice] 32#32: exit
2022/12/14 11:03:58 [notice] 28#28: exit
2022/12/14 11:03:58 [notice] 34#34: exit
2022/12/14 11:03:58 [notice] 38#38: exit
2022/12/14 11:03:58 [notice] 30#30: exit
2022/12/14 11:03:58 [notice] 31#31: exit
2022/12/14 11:03:58 [notice] 28#28: gracefully shutting down
2022/12/14 11:03:58 [notice] 28#28: exiting
2022/12/14 11:03:58 [notice] 31#31: gracefully shutting down
2022/12/14 11:03:58 [notice] 38#38: gracefully shutting down
2022/12/14 11:03:58 [notice] 31#31: exiting
2022/12/14 11:03:58 [notice] 31#31: gracefully shutting down
2022/12/14 11:03:58 [notice] 38#38: exiting
2022/12/14 11:03:58 [notice] 28#28: exit
2022/12/14 11:03:58 [notice] 31#31: exiting
2022/12/14 11:03:58 [notice] 34#34: gracefully shutting down
2022/12/14 11:03:58 [notice] 33#33: gracefully shutting down
2022/12/14 11:03:58 [notice] 36#36: gracefully shutting down
2022/12/14 11:03:58 [notice] 33#33: exiting
2022/12/14 11:03:58 [notice] 34#34: exiting
2022/12/14 11:03:58 [notice] 36#36: exiting
2022/12/14 11:03:58 [notice] 31#31: exit
2022/12/14 11:03:58 [notice] 38#38: exit
2022/12/14 11:03:58 [notice] 31#31: exit
2022/12/14 11:03:58 [notice] 32#32: gracefully shutting down
2022/12/14 11:03:58 [notice] 33#33: exit
2022/12/14 11:03:58 [notice] 36#36: exit
2022/12/14 11:03:58 [notice] 32#32: exiting
2022/12/14 11:03:58 [notice] 34#34: gracefully shutting down
2022/12/14 11:03:58 [notice] 34#34: exit
2022/12/14 11:03:58 [notice] 34#34: exiting
2022/12/14 11:03:58 [notice] 36#36: gracefully shutting down
2022/12/14 11:03:58 [notice] 33#33: gracefully shutting down
2022/12/14 11:03:58 [notice] 32#32: exit
2022/12/14 11:03:58 [notice] 33#33: exiting
2022/12/14 11:03:58 [notice] 36#36: exiting
2022/12/14 11:03:58 [notice] 37#37: gracefully shutting down
2022/12/14 11:03:58 [notice] 37#37: exiting
2022/12/14 11:03:58 [notice] 33#33: exit
2022/12/14 11:03:58 [notice] 29#29: gracefully shutting down
2022/12/14 11:03:58 [notice] 39#39: gracefully shutting down
2022/12/14 11:03:58 [notice] 36#36: exit
2022/12/14 11:03:58 [notice] 30#30: gracefully shutting down
2022/12/14 11:03:58 [notice] 37#37: exit
2022/12/14 11:03:58 [notice] 39#39: exiting
2022/12/14 11:03:58 [notice] 32#32: gracefully shutting down
2022/12/14 11:03:58 [notice] 35#35: gracefully shutting down
2022/12/14 11:03:58 [notice] 39#39: exit
2022/12/14 11:03:58 [notice] 29#29: exiting
2022/12/14 11:03:58 [notice] 33#33: gracefully shutting down
2022/12/14 11:03:58 [notice] 30#30: exiting
2022/12/14 11:03:58 [notice] 35#35: gracefully shutting down
2022/12/14 11:03:58 [notice] 35#35: exiting
2022/12/14 11:03:58 [notice] 34#34: exit
2022/12/14 11:03:58 [notice] 32#32: exiting
2022/12/14 11:03:58 [notice] 35#35: exiting
2022/12/14 11:03:58 [notice] 33#33: exiting
2022/12/14 11:03:58 [notice] 35#35: exit
2022/12/14 11:03:58 [notice] 29#29: exit
2022/12/14 11:03:58 [notice] 30#30: exit
2022/12/14 11:03:58 [notice] 35#35: exit
2022/12/14 11:03:58 [notice] 32#32: exit
2022/12/14 11:03:58 [notice] 33#33: exit
2022/12/14 11:03:58 [notice] 36#36: gracefully shutting down
2022/12/14 11:03:58 [notice] 37#37: gracefully shutting down
2022/12/14 11:03:58 [notice] 36#36: exiting
2022/12/14 11:03:58 [notice] 37#37: exiting
2022/12/14 11:03:58 [notice] 37#37: gracefully shutting down
2022/12/14 11:03:58 [notice] 39#39: gracefully shutting down
2022/12/14 11:03:58 [notice] 38#38: gracefully shutting down
2022/12/14 11:03:58 [notice] 37#37: exiting
2022/12/14 11:03:58 [notice] 39#39: exiting
2022/12/14 11:03:58 [notice] 36#36: exit
2022/12/14 11:03:58 [notice] 37#37: exit
2022/12/14 11:03:58 [notice] 35#35: gracefully shutting down
2022/12/14 11:03:58 [notice] 39#39: gracefully shutting down
2022/12/14 11:03:58 [notice] 38#38: exiting
2022/12/14 11:03:58 [notice] 37#37: exit
2022/12/14 11:03:58 [notice] 35#35: exiting
2022/12/14 11:03:58 [notice] 39#39: exiting
2022/12/14 11:03:58 [notice] 39#39: exit
2022/12/14 11:03:58 [notice] 38#38: exit
2022/12/14 11:03:58 [notice] 35#35: exit
2022/12/14 11:03:58 [notice] 39#39: exit
2022/12/14 11:03:58 [notice] 1#1: signal 17 (SIGCHLD) received from 32
2022/12/14 11:03:58 [notice] 1#1: worker process 32 exited with code 0
2022/12/14 11:03:58 [notice] 1#1: signal 17 (SIGCHLD) received from 39
2022/12/14 11:03:58 [notice] 1#1: signal 17 (SIGCHLD) received from 32
2022/12/14 11:03:58 [notice] 1#1: signal 29 (SIGIO) received
2022/12/14 11:03:58 [notice] 1#1: worker process 34 exited with code 0
2022/12/14 11:03:58 [notice] 1#1: worker process 31 exited with code 0
2022/12/14 11:03:58 [notice] 1#1: worker process 32 exited with code 0
2022/12/14 11:03:58 [notice] 1#1: worker process 33 exited with code 0
2022/12/14 11:03:58 [notice] 1#1: worker process 34 exited with code 0
2022/12/14 11:03:58 [notice] 1#1: worker process 38 exited with code 0
2022/12/14 11:03:58 [notice] 1#1: worker process 36 exited with code 0
2022/12/14 11:03:58 [notice] 1#1: worker process 39 exited with code 0
2022/12/14 11:03:58 [notice] 1#1: signal 29 (SIGIO) received
2022/12/14 11:03:58 [notice] 1#1: signal 17 (SIGCHLD) received from 31
2022/12/14 11:03:58 [notice] 1#1: signal 29 (SIGIO) received
2022/12/14 11:03:58 [notice] 1#1: signal 17 (SIGCHLD) received from 38
2022/12/14 11:03:58 [notice] 1#1: signal 17 (SIGCHLD) received from 30
2022/12/14 11:03:58 [notice] 1#1: signal 17 (SIGCHLD) received from 39
2022/12/14 11:03:58 [notice] 1#1: worker process 30 exited with code 0
2022/12/14 11:03:58 [notice] 1#1: worker process 39 exited with code 0
2022/12/14 11:03:58 [notice] 1#1: signal 29 (SIGIO) received
2022/12/14 11:03:58 [notice] 1#1: signal 17 (SIGCHLD) received from 35
2022/12/14 11:03:58 [notice] 1#1: worker process 35 exited with code 0
2022/12/14 11:03:58 [notice] 1#1: signal 29 (SIGIO) received
2022/12/14 11:03:58 [notice] 1#1: signal 17 (SIGCHLD) received from 36
2022/12/14 11:03:58 [notice] 1#1: worker process 36 exited with code 0
2022/12/14 11:03:58 [notice] 1#1: signal 29 (SIGIO) received
2022/12/14 11:03:58 [notice] 1#1: signal 29 (SIGIO) received
2022/12/14 11:03:58 [notice] 1#1: signal 17 (SIGCHLD) received from 28
2022/12/14 11:03:58 [notice] 1#1: worker process 28 exited with code 0
2022/12/14 11:03:58 [notice] 1#1: worker process 29 exited with code 0
2022/12/14 11:03:58 [notice] 1#1: worker process 33 exited with code 0
2022/12/14 11:03:58 [notice] 1#1: worker process 34 exited with code 0
2022/12/14 11:03:58 [notice] 1#1: worker process 37 exited with code 0
2022/12/14 11:03:58 [notice] 1#1: signal 17 (SIGCHLD) received from 28
2022/12/14 11:03:58 [notice] 1#1: worker process 28 exited with code 0
2022/12/14 11:03:58 [notice] 1#1: signal 29 (SIGIO) received
2022/12/14 11:03:58 [notice] 1#1: worker process 29 exited with code 0
2022/12/14 11:03:58 [notice] 1#1: signal 17 (SIGCHLD) received from 37
2022/12/14 11:03:58 [notice] 1#1: signal 29 (SIGIO) received
2022/12/14 11:03:58 [notice] 1#1: signal 17 (SIGCHLD) received from 29
2022/12/14 11:03:58 [notice] 1#1: signal 17 (SIGCHLD) received from 30
2022/12/14 11:03:58 [notice] 1#1: worker process 30 exited with code 0
2022/12/14 11:03:58 [notice] 1#1: signal 29 (SIGIO) received
2022/12/14 11:03:58 [notice] 1#1: signal 17 (SIGCHLD) received from 31
2022/12/14 11:03:58 [notice] 1#1: signal 17 (SIGCHLD) received from 35
2022/12/14 11:03:58 [notice] 1#1: worker process 31 exited with code 0
2022/12/14 11:03:58 [notice] 1#1: signal 17 (SIGCHLD) received from 37
2022/12/14 11:03:58 [notice] 1#1: signal 29 (SIGIO) received
2022/12/14 11:03:58 [notice] 1#1: signal 17 (SIGCHLD) received from 36
2022/12/14 11:03:58 [notice] 1#1: worker process 36 exited with code 0
2022/12/14 11:03:58 [notice] 1#1: worker process 28 exited with code 0
2022/12/14 11:03:58 [notice] 1#1: signal 29 (SIGIO) received
2022/12/14 11:03:58 [notice] 1#1: worker process 29 exited with code 0
2022/12/14 11:03:58 [notice] 1#1: worker process 37 exited with code 0
2022/12/14 11:03:58 [notice] 1#1: worker process 38 exited with code 0
2022/12/14 11:03:58 [notice] 1#1: worker process 31 exited with code 0
2022/12/14 11:03:58 [notice] 1#1: worker process 35 exited with code 0
2022/12/14 11:03:58 [notice] 1#1: signal 29 (SIGIO) received
2022/12/14 11:03:58 [notice] 1#1: signal 17 (SIGCHLD) received from 28
2022/12/14 11:03:58 [notice] 1#1: signal 29 (SIGIO) received
2022/12/14 11:03:58 [notice] 1#1: signal 17 (SIGCHLD) received from 32
2022/12/14 11:03:58 [notice] 1#1: signal 17 (SIGCHLD) received from 30
2022/12/14 11:03:58 [notice] 1#1: worker process 32 exited with code 0
2022/12/14 11:03:58 [notice] 1#1: worker process 30 exited with code 0
2022/12/14 11:03:58 [notice] 1#1: worker process 38 exited with code 0
2022/12/14 11:03:58 [notice] 1#1: signal 29 (SIGIO) received
2022/12/14 11:03:58 [notice] 1#1: exit
2022/12/14 11:03:58 [notice] 1#1: signal 17 (SIGCHLD) received from 37
2022/12/14 11:03:58 [notice] 1#1: worker process 37 exited with code 0
2022/12/14 11:03:58 [notice] 1#1: signal 17 (SIGCHLD) received from 33
2022/12/14 11:03:58 [notice] 1#1: worker process 33 exited with code 0
2022/12/14 11:03:58 [notice] 1#1: signal 29 (SIGIO) received
2022/12/14 11:03:58 [notice] 1#1: signal 17 (SIGCHLD) received from 39
2022/12/14 11:03:58 [notice] 1#1: worker process 39 exited with code 0
2022/12/14 11:03:58 [notice] 1#1: signal 17 (SIGCHLD) received from 35
2022/12/14 11:03:58 [notice] 1#1: worker process 35 exited with code 0
2022/12/14 11:03:58 [notice] 1#1: exit
2022/12/14 11:03:58 [notice] 1#1: exit
